<?xml version="1.0" encoding="UTF-8"?>
<testng-results ignored="0" total="1" passed="1" failed="0" skipped="0">
  <reporter-output>
  </reporter-output>
  <suite started-at="2023-02-18T20:28:44 IST" name="Default suite" finished-at="2023-02-18T20:28:58 IST" duration-ms="14211">
    <groups>
    </groups>
    <test started-at="2023-02-18T20:28:44 IST" name="Default test" finished-at="2023-02-18T20:28:58 IST" duration-ms="14211">
      <class name="ppack.DemoTest">
        <test-method is-config="true" signature="configuration()[pri:0, instance:ppack.DemoTest@49ec71f8]" started-at="2023-02-18T20:28:44 IST" name="configuration" finished-at="2023-02-18T20:28:45 IST" duration-ms="1026" status="PASS">
          <reporter-output>
          </reporter-output>
        </test-method> <!-- configuration -->
        <test-method signature="testOne()[pri:0, instance:ppack.DemoTest@49ec71f8]" started-at="2023-02-18T20:28:45 IST" name="testOne" finished-at="2023-02-18T20:28:56 IST" duration-ms="11381" status="PASS">
          <reporter-output>
          </reporter-output>
        </test-method> <!-- testOne -->
        <test-method is-config="true" signature="tearDown()[pri:0, instance:ppack.DemoTest@49ec71f8]" started-at="2023-02-18T20:28:56 IST" name="tearDown" finished-at="2023-02-18T20:28:58 IST" duration-ms="1643" status="PASS">
          <reporter-output>
          </reporter-output>
        </test-method> <!-- tearDown -->
      </class> <!-- ppack.DemoTest -->
    </test> <!-- Default test -->
  </suite> <!-- Default suite -->
</testng-results>
